Determining if the pthread_create exist failed with the following output:
Change Dir: /home/ukasz/slam_ws/build/CMakeFiles/CMakeTmp

Run Build Command:"/usr/bin/make" "cmTC_b952c/fast"
/usr/bin/make -f CMakeFiles/cmTC_b952c.dir/build.make CMakeFiles/cmTC_b952c.dir/build
make[1]: Wejście do katalogu '/home/ukasz/slam_ws/build/CMakeFiles/CMakeTmp'
Building C object CMakeFiles/cmTC_b952c.dir/CheckSymbolExists.c.o
/usr/bin/cc    -o CMakeFiles/cmTC_b952c.dir/CheckSymbolExists.c.o   -c /home/ukasz/slam_ws/build/CMakeFiles/CMakeTmp/CheckSymbolExists.c
Linking C executable cmTC_b952c
/usr/bin/cmake -E cmake_link_script CMakeFiles/cmTC_b952c.dir/link.txt --verbose=1
/usr/bin/cc      -rdynamic CMakeFiles/cmTC_b952c.dir/CheckSymbolExists.c.o  -o cmTC_b952c 
CMakeFiles/cmTC_b952c.dir/CheckSymbolExists.c.o: In function `main':
CheckSymbolExists.c:(.text+0x1b): undefined reference to `pthread_create'
collect2: error: ld returned 1 exit status
CMakeFiles/cmTC_b952c.dir/build.make:97: recipe for target 'cmTC_b952c' failed
make[1]: *** [cmTC_b952c] Error 1
make[1]: Opuszczenie katalogu '/home/ukasz/slam_ws/build/CMakeFiles/CMakeTmp'
Makefile:126: recipe for target 'cmTC_b952c/fast' failed
make: *** [cmTC_b952c/fast] Error 2

File /home/ukasz/slam_ws/build/CMakeFiles/CMakeTmp/CheckSymbolExists.c:
/* */
#include <pthread.h>

int main(int argc, char** argv)
{
  (void)argv;
#ifndef pthread_create
  return ((int*)(&pthread_create))[argc];
#else
  (void)argc;
  return 0;
#endif
}

Determining if the function pthread_create exists in the pthreads failed with the following output:
Change Dir: /home/ukasz/slam_ws/build/CMakeFiles/CMakeTmp

Run Build Command:"/usr/bin/make" "cmTC_f2272/fast"
/usr/bin/make -f CMakeFiles/cmTC_f2272.dir/build.make CMakeFiles/cmTC_f2272.dir/build
make[1]: Wejście do katalogu '/home/ukasz/slam_ws/build/CMakeFiles/CMakeTmp'
Building C object CMakeFiles/cmTC_f2272.dir/CheckFunctionExists.c.o
/usr/bin/cc   -DCHECK_FUNCTION_EXISTS=pthread_create   -o CMakeFiles/cmTC_f2272.dir/CheckFunctionExists.c.o   -c /usr/share/cmake-3.10/Modules/CheckFunctionExists.c
Linking C executable cmTC_f2272
/usr/bin/cmake -E cmake_link_script CMakeFiles/cmTC_f2272.dir/link.txt --verbose=1
/usr/bin/cc  -DCHECK_FUNCTION_EXISTS=pthread_create    -rdynamic CMakeFiles/cmTC_f2272.dir/CheckFunctionExists.c.o  -o cmTC_f2272 -lpthreads 
/usr/bin/ld: cannot find -lpthreads
collect2: error: ld returned 1 exit status
CMakeFiles/cmTC_f2272.dir/build.make:97: recipe for target 'cmTC_f2272' failed
make[1]: *** [cmTC_f2272] Error 1
make[1]: Opuszczenie katalogu '/home/ukasz/slam_ws/build/CMakeFiles/CMakeTmp'
Makefile:126: recipe for target 'cmTC_f2272/fast' failed
make: *** [cmTC_f2272/fast] Error 2


